<?xml version="1.0" encoding="UTF-8"?>
<!-- Generated by org.testng.reporters.JUnitReportReporter -->
<testsuite hostname="AURIN-BETU" name="com.hca.qa.testcase.SearchingFlights" tests="1" failures="0" timestamp="20 Oct 2019 19:09:36 GMT" time="28.909" errors="0">
  <testcase name="serachingFlights" time="28.909" classname="com.hca.qa.testcase.SearchingFlights"/>
</testsuite> <!-- com.hca.qa.testcase.SearchingFlights -->
